[14:22:52] [ServerMain/INFO]: [bootstrap] Running Java 21 (OpenJDK 64-Bit Server VM 21.0.6+7-Ubuntu-120.04.1; Ubuntu null) on Linux 6.8.0-1027-azure (amd64)
[14:22:52] [ServerMain/INFO]: [bootstrap] Loading Paper 1.21.1-57-master@b483da4 (2024-09-01T18:09:05Z) for Minecraft 1.21.1
[14:22:52] [ServerMain/INFO]: [PluginInitializerManager] Initializing plugins...
[14:22:53] [ServerMain/INFO]: [FileProviderSource] The spark plugin will not be loaded as this server bundles the spark profiler.
[14:22:53] [ServerMain/INFO]: [PluginInitializerManager] Initialized 16 plugins
[14:22:53] [ServerMain/INFO]: [PluginInitializerManager] Bukkit plugins (16):
 - ActionBar (1.3), Chunky (1.4.36), CustomKillMessages (1.0.0), DeathMessages (1.4.20), Essentials (2.21.1-dev+12-8455212), GSit (2.3.2), Geyser-Spigot (2.7.0-SNAPSHOT), Geyser-Spigot (2.7.1-SNAPSHOT), LNPlugin (1.1), SetHome (6.2.3), SimpleTpa (7.6), SkinsRestorer (15.6.3), Thunder (0.0.1), ViaBackwards (5.3.2), ViaVersion (5.3.2), floodgate (2.2.4-SNAPSHOT (b116-0e3163c))
[14:22:58] [ServerMain/INFO]: Environment: Environment[sessionHost=https://sessionserver.mojang.com, servicesHost=https://api.minecraftservices.com, name=PROD]
[14:23:00] [ServerMain/INFO]: Loaded 1290 recipes
[14:23:00] [ServerMain/INFO]: Loaded 1399 advancements
[14:23:01] [Server thread/INFO]: Starting minecraft server version 1.21.1
[14:23:01] [Server thread/INFO]: Loading properties
[14:23:01] [Server thread/INFO]: This server is running Paper version 1.21.1-57-master@b483da4 (2024-09-01T18:09:05Z) (Implementing API version 1.21.1-R0.1-SNAPSHOT)
[14:23:02] [Server thread/INFO]: [spark] This server bundles the spark profiler. For more information please visit https://docs.papermc.io/paper/profiling
[14:23:02] [Server thread/INFO]: Server Ping Player Sample Count: 12
[14:23:02] [Server thread/INFO]: Using 4 threads for Netty based IO
[14:23:03] [Server thread/INFO]: [ChunkTaskScheduler] Chunk system is using 1 I/O threads, 1 worker threads, and population gen parallelism of 1 threads
[14:23:03] [Server thread/INFO]: Default game type: SURVIVAL
[14:23:03] [Server thread/INFO]: Generating keypair
[14:23:03] [Server thread/INFO]: Starting Minecraft server on *:25565
[14:23:03] [Server thread/INFO]: Using epoll channel type
[14:23:03] [Server thread/INFO]: Paper: Using libdeflate (Linux x86_64) compression from Velocity.
[14:23:03] [Server thread/INFO]: Paper: Using OpenSSL 1.1.x (Linux x86_64) cipher from Velocity.
[14:23:03] [Server thread/ERROR]: [ModernPluginLoadingStrategy] Ambiguous plugin name 'Geyser-Spigot' for files 'plugins/Geyser-Spigot (1).jar' and 'plugins/geyser-spigot.jar' in 'plugins'
[14:23:05] [Server thread/WARN]: [org.bukkit.craftbukkit.legacy.CraftLegacy] Initializing Legacy Material Support. Unless you have legacy plugins and/or data this is a bug!
[14:23:15] [Server thread/WARN]: Legacy plugin ActionBar v1.3 does not specify an api-version.
[14:23:15] [Server thread/WARN]: Legacy plugin Thunder v0.0.1 does not specify an api-version.
[14:23:15] [Server thread/INFO]: [ViaVersion] Loading server plugin ViaVersion v5.3.2
[14:23:15] [Server thread/INFO]: [ViaVersion] ViaVersion 5.3.2 is now loaded. Registering protocol transformers and injecting...
[14:23:17] [Via-Mappingloader-0/INFO]: [ViaVersion] Loading block connection mappings ...
[14:23:18] [Via-Mappingloader-0/INFO]: [ViaVersion] Using FastUtil Long2ObjectOpenHashMap for block connections
[14:23:19] [Server thread/INFO]: [ViaBackwards] Loading translations...
[14:23:19] [Server thread/INFO]: [ViaBackwards] Registering protocols...
[14:23:21] [Server thread/INFO]: [floodgate] Loading server plugin floodgate v2.2.4-SNAPSHOT (b116-0e3163c)
[14:23:24] [Server thread/WARN]: [floodgate] en_ is not a supported Floodgate language.
[14:23:24] [Server thread/INFO]: [floodgate] Took 2,651ms to boot Floodgate
[14:23:24] [Server thread/INFO]: [ViaBackwards] Loading server plugin ViaBackwards v5.3.2
[14:23:24] [Server thread/INFO]: [LNPlugin] Loading server plugin LNPlugin v1.1
[14:23:24] [Server thread/INFO]: [GSit] Loading server plugin GSit v2.3.2
[14:23:24] [Server thread/INFO]: [SetHome] Loading server plugin SetHome v6.2.3
[14:23:24] [Server thread/INFO]: [Geyser-Spigot] Loading server plugin Geyser-Spigot v2.7.1-SNAPSHOT
[14:23:26] [Server thread/WARN]: [Geyser-Spigot] Your Geyser config is out of date! Please regenerate your config when possible.
[14:23:26] [Server thread/INFO]: [Geyser-Spigot] Loading extensions...
[14:23:26] [Server thread/INFO]: [Geyser-Spigot] Loaded 0 extension(s)
[14:23:26] [Server thread/INFO]: [ActionBar] Loading server plugin ActionBar v1.3
[14:23:26] [Server thread/INFO]: [SkinsRestorer] Loading server plugin SkinsRestorer v15.6.3
[14:23:26] [Server thread/INFO]: [Chunky] Loading server plugin Chunky v1.4.36
[14:23:26] [Server thread/INFO]: [Thunder] Loading server plugin Thunder v0.0.1
[14:23:26] [Server thread/INFO]: [CustomKill] Loading server plugin CustomKillMessages v1.0.0
[14:23:26] [Server thread/INFO]: [DeathMessages] Loading server plugin DeathMessages v1.4.20
[14:23:26] [Server thread/INFO]: [Essentials] Loading server plugin Essentials v2.21.1-dev+12-8455212
[14:23:26] [Server thread/INFO]: [SimpleTpa] Loading server plugin SimpleTpa v7.6
[14:23:26] [Server thread/INFO]: Server permissions file permissions.yml is empty, ignoring it
[14:23:26] [Server thread/INFO]: [SkinsRestorer] Enabling SkinsRestorer v15.6.3
[14:23:28] [Server thread/INFO]: [SkinsRestorer] Running on Minecraft 1.21.1.
[14:23:29] [Server thread/INFO]: [SkinsRestorer] Floodgate skin listener registered
[14:23:29] [Server thread/INFO]: [SkinsRestorer] Using paper join listener!
[14:23:29] [Server thread/WARN]: **** SERVER IS RUNNING IN OFFLINE/INSECURE MODE!
[14:23:29] [Server thread/WARN]: The server will make no attempt to authenticate usernames. Beware.
[14:23:29] [Server thread/WARN]: While this makes the game possible to play without internet access, it also opens up the ability for hackers to connect with any username they choose.
[14:23:29] [Server thread/WARN]: To change this, set "online-mode" to "true" in the server.properties file.
[14:23:29] [Server thread/INFO]: Preparing level "world"
[14:23:30] [Folia Async Scheduler Thread #1/INFO]: [SkinsRestorer] ----------------------------------------------
[14:23:30] [Folia Async Scheduler Thread #1/INFO]: [SkinsRestorer]     +==================+
[14:23:30] [Folia Async Scheduler Thread #1/INFO]: [SkinsRestorer]     |   SkinsRestorer  |
[14:23:30] [Folia Async Scheduler Thread #1/INFO]: [SkinsRestorer]     |------------------|
[14:23:30] [Folia Async Scheduler Thread #1/INFO]: [SkinsRestorer]     |  Standalone Mode |
[14:23:30] [Folia Async Scheduler Thread #1/INFO]: [SkinsRestorer]     +==================+
[14:23:30] [Folia Async Scheduler Thread #1/INFO]: [SkinsRestorer] ----------------------------------------------
[14:23:30] [Folia Async Scheduler Thread #1/INFO]: [SkinsRestorer]     Version: 15.6.3
[14:23:30] [Folia Async Scheduler Thread #1/INFO]: [SkinsRestorer]     Commit: 7eb6dc6
[14:23:30] [Folia Async Scheduler Thread #1/INFO]: [SkinsRestorer]     This is the latest version!
[14:23:30] [Folia Async Scheduler Thread #1/INFO]: [SkinsRestorer] ----------------------------------------------
[14:23:30] [Folia Async Scheduler Thread #1/INFO]: [SkinsRestorer] Do you have issues? Read our troubleshooting guide: https://skinsrestorer.net/docs/troubleshooting
[14:23:30] [Folia Async Scheduler Thread #1/INFO]: [SkinsRestorer] Want to support SkinsRestorer? Consider donating: https://skinsrestorer.net/donate
[14:23:30] [Server thread/INFO]: Preparing start region for dimension minecraft:overworld
[14:23:31] [Server thread/INFO]: Time elapsed: 1443 ms
[14:23:31] [Server thread/INFO]: Preparing start region for dimension minecraft:the_nether
[14:23:32] [Server thread/INFO]: Time elapsed: 383 ms
[14:23:32] [Server thread/INFO]: Preparing start region for dimension minecraft:the_end
[14:23:32] [Server thread/INFO]: Time elapsed: 140 ms
[14:23:32] [Server thread/INFO]: [ViaVersion] Enabling ViaVersion v5.3.2
[14:23:32] [Server thread/INFO]: [ViaVersion] ViaVersion detected server version: 1.21-1.21.1 (767)
[14:23:32] [Server thread/INFO]: [floodgate] Enabling floodgate v2.2.4-SNAPSHOT (b116-0e3163c)
[14:23:33] [Server thread/INFO]: [ViaBackwards] Enabling ViaBackwards v5.3.2
[14:23:33] [Server thread/INFO]: [LNPlugin] Enabling LNPlugin v1.1
[14:23:33] [Server thread/INFO]: [GSit] Enabling GSit v2.3.2
[14:23:33] [Server thread/INFO]: [GSit] The plugin was successfully enabled.
[14:23:33] [Server thread/INFO]: [SetHome] Enabling SetHome v6.2.3
[14:23:34] [Server thread/INFO]: [Geyser-Spigot] Enabling Geyser-Spigot v2.7.1-SNAPSHOT
[14:23:34] [Server thread/INFO]: [ActionBar] Enabling ActionBar v1.3*
[14:23:34] [Server thread/INFO]: [Chunky] Enabling Chunky v1.4.36
[14:23:34] [Server thread/INFO]: [Thunder] Enabling Thunder v0.0.1*
[14:23:34] [Server thread/INFO]: [Thunder] The core is successfully enabled in version 0.0.1
[14:23:34] [Server thread/INFO]: Developed by Awrul 
[14:23:34] [Server thread/INFO]: [CustomKill] Enabling CustomKillMessages v1.0.0
[14:23:34] [Server thread/INFO]: [DeathMessages] Enabling DeathMessages v1.4.20
[14:23:35] [Server thread/INFO]: [DeathMessages] bStats Hook Enabled!
[14:23:35] [Server thread/INFO]: DeathMessages 1.4.20 successfully loaded!
[14:23:35] [Server thread/INFO]: [Essentials] Enabling Essentials v2.21.1-dev+12-8455212
[14:23:36] [Server thread/ERROR]: [Essentials] You are running an unsupported server version!
[14:23:36] [Server thread/INFO]: [Essentials] Attempting to convert old kits in config.yml to new kits.yml
[14:23:36] [Server thread/INFO]: [Essentials] No kits found to migrate.
[14:23:36] [Server thread/INFO]: [Essentials] Selected Reflection Formatted Command Alias Provider as the provider for FormattedCommandAliasProvider
[14:23:36] [Server thread/INFO]: [Essentials] Selected Reflection Sync Commands Provider as the provider for SyncCommandsProvider
[14:23:36] [Server thread/INFO]: [Essentials] Selected 1.13+ Spawn Egg Provider as the provider for SpawnEggProvider
[14:23:36] [Server thread/INFO]: [Essentials] Selected 1.12+ Spawner Block Provider as the provider for SpawnerBlockProvider
[14:23:36] [Server thread/INFO]: [Essentials] Selected 1.20.6+ Potion Meta Provider as the provider for PotionMetaProvider
[14:23:36] [Server thread/INFO]: [Essentials] Selected 1.17.1+ World Info Provider as the provider for WorldInfoProvider
[14:23:36] [Server thread/INFO]: [Essentials] Selected 1.20.4+ Damage Event Provider as the provider for DamageEventProvider
[14:23:36] [Server thread/INFO]: [Essentials] Selected 1.11+ Item Unbreakable Provider as the provider for ItemUnbreakableProvider
[14:23:36] [Server thread/INFO]: [Essentials] Selected Paper Container Provider as the provider for ContainerProvider
[14:23:36] [Server thread/INFO]: [Essentials] Selected Paper Biome Key Provider as the provider for BiomeKeyProvider
[14:23:36] [Server thread/INFO]: [Essentials] Selected Reflection Online Mode Provider as the provider for OnlineModeProvider
[14:23:36] [Server thread/INFO]: [Essentials] Selected Paper Tick Count Provider as the provider for TickCountProvider
[14:23:36] [Server thread/INFO]: [Essentials] Selected Paper Material Tag Provider as the provider for MaterialTagProvider
[14:23:36] [Server thread/INFO]: [Essentials] Selected 1.8.3+ Spawner Item Provider as the provider for SpawnerItemProvider
[14:23:36] [Server thread/INFO]: [Essentials] Selected 1.20.5+ Banner Data Provider as the provider for BannerDataProvider
[14:23:36] [Server thread/INFO]: [Essentials] Selected 1.21+ InventoryView Interface ABI Provider as the provider for InventoryViewProvider
[14:23:36] [Server thread/INFO]: [Essentials] Selected 1.14+ Sign Data Provider as the provider for SignDataProvider
[14:23:36] [Server thread/INFO]: [Essentials] Selected 1.12.2+ Player Locale Provider as the provider for PlayerLocaleProvider
[14:23:36] [Server thread/INFO]: [Essentials] Selected Paper Known Commands Provider as the provider for KnownCommandsProvider
[14:23:36] [Server thread/INFO]: [Essentials] Selected Paper Serialization Provider as the provider for SerializationProvider
[14:23:36] [Server thread/INFO]: [Essentials] Selected Paper Server State Provider as the provider for ServerStateProvider
[14:23:36] [Server thread/INFO]: [Essentials] Selected 1.14.4+ Persistent Data Container Provider as the provider for PersistentDataProvider
[14:23:36] [Server thread/INFO]: [Essentials] Loaded 43517 items from items.json.
[14:23:36] [Server thread/INFO]: [Essentials] Using locale en
[14:23:37] [Server thread/INFO]: [Essentials] ServerListPingEvent: Spigot iterator API
[14:23:37] [Server thread/INFO]: [Essentials] Starting Metrics. Opt-out using the global bStats config.
[14:23:37] [Server thread/INFO]: [Essentials] Using superperms-based permissions.
[14:23:37] [Server thread/INFO]: [SimpleTpa] Enabling SimpleTpa v7.6
[14:23:37] [Server thread/INFO]: [SimpleTpa] If you need support contact me at https://discord.gg/SZUkza9
[14:23:37] [Server thread/INFO]: [SimpleTpa] Simple Tpa has been enabled on version 7.6
[14:23:37] [Server thread/INFO]: Enabled metrics. You may opt-out by changing plugins/bStats/config.yml
[14:23:37] [Server thread/INFO]: [spark] Starting background profiler...
[14:23:38] [Server thread/INFO]: [Geyser-Spigot] ******************************************
[14:23:38] [Server thread/INFO]: [Geyser-Spigot] 
[14:23:38] [Server thread/INFO]: [Geyser-Spigot] Loading Geyser version 2.7.1-b824 (git-master-b296f10)
[14:23:38] [Server thread/INFO]: [Geyser-Spigot] 
[14:23:38] [Server thread/INFO]: [Geyser-Spigot] ******************************************
[14:23:49] [epollEventLoopGroup-3-1/INFO]: [Geyser-Spigot] Started Geyser on UDP port 25565
[14:23:49] [Server thread/INFO]: [Geyser-Spigot] Done (11.356s)! Run /geyser help for help!
[14:23:50] [Server thread/INFO]: Done preparing level "world" (20.210s)
[14:23:50] [Server thread/INFO]: Running delayed init tasks
[14:23:50] [Craft Scheduler Thread - 5 - ViaVersion/INFO]: [ViaVersion] Finished mapping loading, shutting down loader executor.
[14:23:50] [Craft Scheduler Thread - 8 - Essentials/INFO]: [Essentials] Fetching version information...
[14:23:50] [Server thread/INFO]: Done (59.374s)! For help, type "help"
[14:23:50] [Server thread/INFO]: Timings Reset
[14:23:50] [Craft Scheduler Thread - 8 - Essentials/WARN]: [Essentials] You're 3 EssentialsX dev build(s) out of date!
[14:23:50] [Craft Scheduler Thread - 8 - Essentials/WARN]: [Essentials] Download it here: https://essentialsx.net/downloads.html
[14:24:09] [Server thread/INFO]: Stopping the server
[14:24:09] [Server thread/INFO]: Stopping server
[14:24:09] [Server thread/INFO]: [SimpleTpa] Disabling SimpleTpa v7.6
[14:24:09] [Server thread/INFO]: [SimpleTpa] If you need support contact me at https://discord.gg/SZUkza9
[14:24:09] [Server thread/INFO]: [SimpleTpa] Simple Tpa has been disabled on version 7.6
[14:24:09] [Server thread/INFO]: [Essentials] Disabling Essentials v2.21.1-dev+12-8455212
[14:24:09] [Server thread/INFO]: [DeathMessages] Disabling DeathMessages v1.4.20
[14:24:09] [Server thread/INFO]: [CustomKill] Disabling CustomKillMessages v1.0.0
[14:24:09] [Server thread/INFO]: [Thunder] Disabling Thunder v0.0.1
[14:24:09] [Server thread/INFO]: [Thunder] The core is now disabled.
[14:24:09] [Server thread/INFO]: [Chunky] Disabling Chunky v1.4.36
[14:24:09] [Server thread/INFO]: [SkinsRestorer] Disabling SkinsRestorer v15.6.3
[14:24:09] [Server thread/INFO]: [ActionBar] Disabling ActionBar v1.3
[14:24:09] [Server thread/INFO]: [Geyser-Spigot] Disabling Geyser-Spigot v2.7.1-SNAPSHOT
[14:24:09] [Server thread/INFO]: [Geyser-Spigot] Shutting down Geyser.
[14:24:09] [Server thread/INFO]: [Geyser-Spigot] Geyser shutdown successfully.
[14:24:09] [Server thread/INFO]: [SetHome] Disabling SetHome v6.2.3
[14:24:09] [Server thread/INFO]: [GSit] Disabling GSit v2.3.2
[14:24:09] [Server thread/INFO]: [GSit] The plugin was successfully disabled.
[14:24:09] [Server thread/INFO]: [LNPlugin] Disabling LNPlugin v1.1
[14:24:09] [Server thread/INFO]: [ViaBackwards] Disabling ViaBackwards v5.3.2
[14:24:09] [Server thread/INFO]: [floodgate] Disabling floodgate v2.2.4-SNAPSHOT (b116-0e3163c)
[14:24:09] [Server thread/INFO]: [ViaVersion] Disabling ViaVersion v5.3.2
[14:24:09] [Server thread/INFO]: [ViaVersion] ViaVersion has been disabled; uninjected the platform and shut down the scheduler.
[14:24:09] [WebSocketConnectReadThread-115/INFO]: [Geyser-Spigot] The skin uploader has been closed
[14:24:09] [Server thread/INFO]: Saving players
[14:24:09] [Server thread/INFO]: Saving worlds
[14:24:09] [Server thread/INFO]: Saving chunks for level 'ServerLevel[world]'/minecraft:overworld
[14:24:09] [Server thread/INFO]: [ChunkHolderManager] Waiting 60s for chunk system to halt for world 'world'
[14:24:09] [Server thread/INFO]: [ChunkHolderManager] Halted chunk system for world 'world'
[14:24:09] [Server thread/INFO]: [ChunkHolderManager] Saving all chunkholders for world 'world'
[14:24:09] [Server thread/INFO]: [ChunkHolderManager] Saved 49 block chunks, 49 entity chunks, 0 poi chunks in world 'world' in 0.37s
[14:24:09] [Server thread/INFO]: Saving chunks for level 'ServerLevel[world_nether]'/minecraft:the_nether
[14:24:09] [Server thread/INFO]: [ChunkHolderManager] Waiting 60s for chunk system to halt for world 'world_nether'
[14:24:09] [Server thread/INFO]: [ChunkHolderManager] Halted chunk system for world 'world_nether'
[14:24:09] [Server thread/INFO]: [ChunkHolderManager] Saving all chunkholders for world 'world_nether'
[14:24:10] [Server thread/INFO]: [ChunkHolderManager] Saved 49 block chunks, 49 entity chunks, 0 poi chunks in world 'world_nether' in 0.22s
[14:24:10] [Server thread/INFO]: Saving chunks for level 'ServerLevel[world_the_end]'/minecraft:the_end
[14:24:10] [Server thread/INFO]: [ChunkHolderManager] Waiting 60s for chunk system to halt for world 'world_the_end'
[14:24:10] [Server thread/INFO]: [ChunkHolderManager] Halted chunk system for world 'world_the_end'
[14:24:10] [Server thread/INFO]: [ChunkHolderManager] Saving all chunkholders for world 'world_the_end'
[14:24:10] [Server thread/INFO]: [ChunkHolderManager] Saved 49 block chunks, 49 entity chunks, 0 poi chunks in world 'world_the_end' in 0.14s
[14:24:10] [Server thread/INFO]: ThreadedAnvilChunkStorage (world): All chunks are saved
[14:24:10] [Server thread/INFO]: ThreadedAnvilChunkStorage (DIM-1): All chunks are saved
[14:24:10] [Server thread/INFO]: ThreadedAnvilChunkStorage (DIM1): All chunks are saved
[14:24:10] [Server thread/INFO]: ThreadedAnvilChunkStorage: All dimensions are saved
